\BOOKMARK [0][-]{chapter.1}{\376\377\000B\000e\000f\000o\000r\000e\000\040\000s\000t\000a\000r\000t\000i\000n\000g}{}% 1
\BOOKMARK [0][-]{chapter.2}{\376\377\000O\000v\000e\000r\000v\000i\000e\000w}{}% 2
\BOOKMARK [0][-]{chapter.3}{\376\377\000K\000n\000o\000w\000n\000\040\000l\000i\000m\000i\000t\000a\000t\000i\000o\000n\000s}{}% 3
\BOOKMARK [0][-]{chapter.4}{\376\377\000R\000e\000p\000o\000r\000t\000i\000n\000g\000\040\000i\000s\000s\000u\000e\000s}{}% 4
\BOOKMARK [1][-]{section.4.1}{\376\377\000F\000e\000a\000t\000u\000r\000e\000\040\000O\000v\000e\000r\000v\000i\000e\000w}{chapter.4}% 5
\BOOKMARK [1][-]{section.4.2}{\376\377\000I\000n\000s\000t\000a\000l\000l\000i\000n\000g}{chapter.4}% 6
\BOOKMARK [2][-]{subsection.4.2.1}{\376\377\000I\000n\000s\000t\000a\000l\000l\000\040\000P\000y\000t\000h\000o\000n}{section.4.2}% 7
\BOOKMARK [3][-]{subsubsection*.3}{\376\377\000W\000i\000n\000d\000o\000w\000s}{subsection.4.2.1}% 8
\BOOKMARK [3][-]{subsubsection*.4}{\376\377\000M\000a\000c\000\040\000O\000S\000x}{subsection.4.2.1}% 9
\BOOKMARK [3][-]{subsubsection*.5}{\376\377\000U\000b\000u\000n\000t\000u}{subsection.4.2.1}% 10
\BOOKMARK [3][-]{subsubsection*.6}{\376\377\000U\000p\000d\000a\000t\000i\000n\000g\000\040\000p\000y\000t\000h\000o\000n\000\040\000i\000n\000\040\000y\000o\000u\000r\000\040\000e\000x\000i\000s\000t\000i\000n\000g\000\040\000e\000n\000v\000i\000r\000o\000n\000m\000e\000n\000t}{subsection.4.2.1}% 11
\BOOKMARK [4][-]{paragraph*.7}{\376\377\000U\000p\000d\000a\000t\000e\000\040\000p\000y\000t\000h\000o\000n\000\040\000v\000e\000r\000s\000i\000o\000n\000\040\000o\000n\000\040\000y\000o\000u\000r\000\040\000w\000i\000n\000d\000o\000w\000s\000\040\000c\000o\000m\000p\000u\000t\000e\000r}{subsubsection*.6}% 12
\BOOKMARK [2][-]{subsection.4.2.2}{\376\377\000I\000n\000s\000t\000a\000l\000l\000\040\000M\000W\0004}{section.4.2}% 13
\BOOKMARK [3][-]{subsubsection*.8}{\376\377\000I\000n\000s\000t\000a\000l\000l\000i\000n\000g\000\040\000w\000i\000t\000h\000\040\000i\000n\000s\000t\000a\000l\000l\000e\000r\000\040\000v\000e\000r\000s\000i\000o\000n\000\040\0003\000.\000x\000:}{subsection.4.2.2}% 14
\BOOKMARK [3][-]{subsubsection*.9}{\376\377\000D\000o\000w\000n\000l\000o\000a\000d\000i\000n\000g\000\040\000t\000h\000e\000\040\000z\000i\000p\000\040\000f\000i\000l\000e\000s}{subsection.4.2.2}% 15
\BOOKMARK [3][-]{subsubsection*.10}{\376\377\000S\000h\000o\000r\000t\000\040\000v\000i\000d\000e\000o\000s\000\040\000f\000o\000r\000\040\000i\000n\000s\000t\000a\000l\000l\000a\000t\000i\000o\000n}{subsection.4.2.2}% 16
\BOOKMARK [3][-]{subsubsection*.11}{\376\377\000S\000t\000e\000p\000\040\0001}{subsection.4.2.2}% 17
\BOOKMARK [3][-]{subsubsection*.12}{\376\377\000S\000t\000e\000p\000\040\0002}{subsection.4.2.2}% 18
\BOOKMARK [3][-]{subsubsection*.13}{\376\377\000S\000t\000e\000p\000\040\0003}{subsection.4.2.2}% 19
\BOOKMARK [3][-]{subsubsection*.14}{\376\377\000S\000e\000t\000t\000i\000n\000g\000\040\000u\000p\000\040\000U\000b\000u\000n\000t\000u}{subsection.4.2.2}% 20
\BOOKMARK [3][-]{subsubsection*.15}{\376\377\000D\000P\000I\000\040\000s\000c\000a\000l\000i\000n\000g\000\040\000o\000n\000\040\000W\000i\000n\000d\000o\000w\000s}{subsection.4.2.2}% 21
\BOOKMARK [3][-]{subsubsection*.16}{\376\377\000D\000P\000I\000\040\000s\000c\000a\000l\000i\000n\000g\000\040\000o\000n\000\040\000U\000b\000u\000n\000t\000u}{subsection.4.2.2}% 22
\BOOKMARK [3][-]{subsubsection*.17}{\376\377\000I\000n\000s\000t\000a\000l\000l\000a\000t\000i\000o\000n\000\040\000o\000n\000\040\000A\000p\000p\000l\000e\000\040\000S\000i\000l\000i\000c\000o\000n}{subsection.4.2.2}% 23
\BOOKMARK [3][-]{subsubsection*.18}{\376\377\000U\000p\000d\000a\000t\000e\000\040\000m\000a\000n\000u\000a\000l\000l\000y}{subsection.4.2.2}% 24
\BOOKMARK [2][-]{subsection.4.2.3}{\376\377\000I\000n\000s\000t\000a\000l\000l\000\040\000o\000n\000\040\000A\000s\000t\000r\000o\000b\000e\000r\000r\000y\000\040\000R\000a\000s\000p\000b\000e\000r\000r\000y\000P\000i}{section.4.2}% 25
\BOOKMARK [2][-]{subsection.4.2.4}{\376\377\000I\000n\000s\000t\000a\000l\000l\000\040\000o\000n\000\040\000S\000t\000e\000l\000l\000a\000r\000M\000a\000t\000e\0001\000.\0007\000+\000+\000\040\000\050\0006\0004\000b\000i\000t\000\051}{section.4.2}% 26
\BOOKMARK [2][-]{subsection.4.2.5}{\376\377\000I\000n\000s\000t\000a\000l\000l\000\040\000o\000n\000\040\000R\000a\000s\000p\000b\000e\000r\000r\000y\000P\000i\000\040\0003}{section.4.2}% 27
\BOOKMARK [3][-]{subsubsection*.19}{\376\377\000I\000n\000s\000t\000a\000l\000l\000i\000n\000g\000\040\000P\000y\000t\000h\000o\000n\000\040\000o\000n\000\040\000R\000P\000i\0003}{subsection.4.2.5}% 28
\BOOKMARK [3][-]{subsubsection*.20}{\376\377\000I\000n\000s\000t\000a\000l\000l\000i\000n\000g\000\040\000P\000y\000Q\000t\0005\000\040\000o\000n\000\040\000R\000P\000i\0003}{subsection.4.2.5}% 29
\BOOKMARK [2][-]{subsection.4.2.6}{\376\377\000I\000n\000s\000t\000a\000l\000l\000\040\000o\000n\000\040\000R\000a\000s\000p\000b\000e\000r\000r\000y\000P\000i\000\040\0004}{section.4.2}% 30
\BOOKMARK [3][-]{subsubsection*.21}{\376\377\000I\000n\000s\000t\000a\000l\000l\000i\000n\000g\000\040\000P\000y\000t\000h\000o\000n\000\040\000o\000n\000\040\000R\000P\000i\0004}{subsection.4.2.6}% 31
\BOOKMARK [3][-]{subsubsection*.22}{\376\377\000U\000s\000i\000n\000g\000\040\000t\000h\000e\000\040\000p\000r\000e\000c\000o\000m\000p\000i\000l\000e\000d\000\040\000w\000h\000e\000e\000l\000s}{subsection.4.2.6}% 32
\BOOKMARK [2][-]{subsection.4.2.7}{\376\377\000U\000s\000i\000n\000g\000\040\000t\000h\000e\000\040\000i\000n\000t\000e\000r\000n\000a\000l\000\040\000u\000p\000d\000a\000t\000e\000r}{section.4.2}% 33
\BOOKMARK [2][-]{subsection.4.2.8}{\376\377\000I\000n\000s\000t\000a\000l\000l\000\040\000P\000l\000a\000t\000e\000\040\000S\000o\000l\000v\000e\000r\000s}{section.4.2}% 34
\BOOKMARK [3][-]{subsubsection*.23}{\376\377\000A\000s\000t\000r\000o\000m\000e\000t\000r\000y\000.\000n\000e\000t}{subsection.4.2.8}% 35
\BOOKMARK [3][-]{subsubsection*.24}{\376\377\000A\000S\000T\000A\000P}{subsection.4.2.8}% 36
\BOOKMARK [3][-]{subsubsection*.25}{\376\377\000W\000a\000t\000n\000e\000y}{subsection.4.2.8}% 37
\BOOKMARK [2][-]{subsection.4.2.9}{\376\377\000E\000x\000a\000m\000p\000l\000e\000\040\000s\000e\000t\000u\000p\000\040\000f\000o\000r\000\040\000r\000i\000g}{section.4.2}% 38
\BOOKMARK [1][-]{section.4.3}{\376\377\000C\000o\000n\000f\000i\000g\000u\000r\000i\000n\000g}{chapter.4}% 39
\BOOKMARK [2][-]{subsection.4.3.1}{\376\377\000M\000o\000u\000n\000t}{section.4.3}% 40
\BOOKMARK [3][-]{subsubsection*.26}{\376\377\000S\000e\000t\000t\000l\000i\000n\000g\000\040\000T\000i\000m\000e\000\040\000/\000\040\000W\000a\000i\000t\000i\000n\000g\000\040\000T\000i\000m\000e}{subsection.4.3.1}% 41
\BOOKMARK [2][-]{subsection.4.3.2}{\376\377\000D\000o\000m\000e}{section.4.3}% 42
\BOOKMARK [1][-]{section.4.4}{\376\377\000U\000s\000i\000n\000g\000\040\000f\000u\000n\000c\000t\000i\000o\000n\000s}{chapter.4}% 43
\BOOKMARK [2][-]{subsection.4.4.1}{\376\377\000U\000s\000e\000\040\000A\000l\000m\000a\000n\000a\000c}{section.4.4}% 44
\BOOKMARK [2][-]{subsection.4.4.2}{\376\377\000U\000s\000e\000\040\000E\000n\000v\000i\000r\000o\000n\000m\000e\000n\000t}{section.4.4}% 45
\BOOKMARK [2][-]{subsection.4.4.3}{\376\377\000G\000e\000n\000e\000r\000a\000t\000e\000\040\000B\000u\000i\000l\000d\000\040\000P\000o\000i\000n\000t\000s}{section.4.4}% 46
\BOOKMARK [2][-]{subsection.4.4.4}{\376\377\000U\000p\000d\000a\000t\000e\000\040\000I\000E\000R\000S\000\040\000d\000a\000t\000a}{section.4.4}% 47
\BOOKMARK [2][-]{subsection.4.4.5}{\376\377\000U\000s\000e\000\040\000M\000i\000n\000o\000r\000\040\000P\000l\000a\000n\000e\000t\000\040\000d\000a\000t\000a}{section.4.4}% 48
\BOOKMARK [2][-]{subsection.4.4.6}{\376\377\000R\000u\000n\000\040\000M\000o\000d\000e\000l\000\040\000T\000a\000s\000k}{section.4.4}% 49
\BOOKMARK [2][-]{subsection.4.4.7}{\376\377\000U\000s\000e\000\040\000S\000a\000t\000e\000l\000l\000i\000t\000e}{section.4.4}% 50
\BOOKMARK [1][-]{section.4.5}{\376\377\000A\000r\000c\000h\000i\000t\000e\000c\000t\000u\000r\000a\000l\000\040\000t\000o\000p\000i\000c\000s\000\040\000a\000n\000d\000\040\000m\000a\000t\000h}{chapter.4}% 51
\BOOKMARK [2][-]{subsection.4.5.1}{\376\377\000H\000a\000n\000d\000l\000i\000n\000g\000\040\000t\000i\000m\000e}{section.4.5}% 52
\BOOKMARK [2][-]{subsection.4.5.2}{\376\377\000P\000r\000e\000c\000i\000s\000i\000o\000n\000\040\000o\000f\000\040\000i\000n\000t\000e\000r\000n\000a\000l\000\040\000c\000a\000l\000c\000u\000l\000a\000t\000i\000o\000n\000s}{section.4.5}% 53
\BOOKMARK [1][-]{section.4.6}{\376\377\000C\000h\000a\000n\000g\000e\000l\000o\000g\000s}{chapter.4}% 54
\BOOKMARK [2][-]{subsection.4.6.1}{\376\377\000I\000d\000e\000a\000s\000\040\000f\000o\000r\000\040\000t\000h\000e\000\040\000f\000u\000t\000u\000r\000e}{section.4.6}% 55
\BOOKMARK [2][-]{subsection.4.6.2}{\376\377\000B\000e\000t\000a\000\040\000v\000e\000r\000s\000i\000o\000n\000s\000\040\000o\000f\000\040\000M\000W\0004}{section.4.6}% 56
\BOOKMARK [2][-]{subsection.4.6.3}{\376\377\000R\000e\000l\000e\000a\000s\000e\000d\000\040\000v\000e\000r\000s\000i\000o\000n\000s\000\040\000o\000f\000\040\000M\000W\0004}{section.4.6}% 57
\BOOKMARK [3][-]{subsubsection*.27}{\376\377\000V\000e\000r\000s\000i\000o\000n\000\040\0003\000.\0000}{subsection.4.6.3}% 58
\BOOKMARK [3][-]{subsubsection*.28}{\376\377\000V\000e\000r\000s\000i\000o\000n\000\040\0002\000.\0002}{subsection.4.6.3}% 59
\BOOKMARK [3][-]{subsubsection*.29}{\376\377\000V\000e\000r\000s\000i\000o\000n\000\040\0002\000.\0001}{subsection.4.6.3}% 60
\BOOKMARK [3][-]{subsubsection*.30}{\376\377\000V\000e\000r\000s\000i\000o\000n\000\040\0002\000.\0000}{subsection.4.6.3}% 61
\BOOKMARK [3][-]{subsubsection*.31}{\376\377\000V\000e\000r\000s\000i\000o\000n\000\040\0001\000.\0001}{subsection.4.6.3}% 62
\BOOKMARK [2][-]{subsection.4.6.4}{\376\377\000R\000e\000l\000e\000a\000s\000e\000d\000\040\000v\000e\000r\000s\000i\000o\000n\000s\000\040\000o\000f\000\040\000s\000c\000r\000i\000p\000t\000s}{section.4.6}% 63
\BOOKMARK [3][-]{subsubsection*.32}{\376\377\000U\000n\000r\000e\000l\000e\000a\000s\000e\000d\000\040\000v\000e\000r\000s\000i\000o\000n\000s\000\040\000o\000f\000\040\000s\000c\000r\000i\000p\000t\000s}{subsection.4.6.4}% 64
\BOOKMARK [3][-]{subsubsection*.33}{\376\377\000R\000e\000l\000e\000a\000s\000e\000d\000\040\000v\000e\000r\000s\000i\000o\000n\000s\000\040\000o\000f\000\040\000s\000c\000r\000i\000p\000t\000s}{subsection.4.6.4}% 65
